<?xml version="1.0" encoding="utf-8"?><testsuites><testsuite name="pytest" errors="1" failures="0" skipped="0" tests="1" time="0.105" timestamp="2023-03-12T23:18:15.214533" hostname="Alexs-MBP.ht.home"><testcase classname="" name="Tests.test_second_suit" time="0.000"><error message="collection failure">ImportError while importing test module '/Users/alexdezho/Documents/Alex Inc/python_framework/testautomationpy-main/Tests/test_second_suit.py'.
Hint: make sure your test modules/packages have valid Python names.
Traceback:
/Library/Frameworks/Python.framework/Versions/3.11/lib/python3.11/importlib/__init__.py:126: in import_module
    return _bootstrap._gcd_import(name[level:], package, level)
Tests/test_second_suit.py:1: in &lt;module&gt;
    from Functions.MySQL_server_template import *
E   ModuleNotFoundError: No module named 'Functions'</error></testcase></testsuite></testsuites>